<?xml version="1.0" encoding="UTF-8"?>
<!-- Generated by org.testng.reporters.JUnitReportReporter -->
<testsuite skipped="0" hostname="OLW0136334" name="Web_Tests.Online_Banking_Tests" tests="4" failures="0" timestamp="2021-01-05T13:32:19 CAT" time="27.752" errors="0">
  <testcase name="Tests1" time="2.340" classname="Web_Tests.Online_Banking_Tests"/>
  <testcase name="Tests2" time="1.098" classname="Web_Tests.Online_Banking_Tests"/>
  <testcase name="Tests3" time="13.217" classname="Web_Tests.Online_Banking_Tests"/>
  <testcase name="Test4" time="11.097" classname="Web_Tests.Online_Banking_Tests"/>
</testsuite> <!-- Web_Tests.Online_Banking_Tests -->
